<?xml version="1.0" encoding="UTF-8" ?>
<testsuite tests="6" failures="0" name="org.thoughts.on.java.model.TestExampleProject" time="1.347" errors="0" skipped="0">
  <properties>
[...]
</properties>
  <testcase classname="org.thoughts.on.java.model.TestExampleProject" name="persistProfessor" time="0.977"/>
  <testcase classname="org.thoughts.on.java.model.TestExampleProject" name="findProfessorById" time="0.101"/>
  <testcase classname="org.thoughts.on.java.model.TestExampleProject" name="updateProfessor" time="0.068"/>
  <testcase classname="org.thoughts.on.java.model.TestExampleProject" name="mergeProfessor" time="0.066"/>
  <testcase classname="org.thoughts.on.java.model.TestExampleProject" name="detachProfessor" time="0.067"/>
  <testcase classname="org.thoughts.on.java.model.TestExampleProject" name="removeProfessor" time="0.068"/>
</testsuite>